DEBUG 2025-05-10 21:53:16,301 database 9772 12852 New MongoClient connection
DEBUG 2025-05-10 21:53:16,310 base 9772 12852 New Database connection
DEBUG 2025-05-10 21:53:16,372 query 9772 12852 sql_command: SELECT "django_migrations"."id", "django_migrations"."app", "django_migrations"."name", "django_migrations"."applied" FROM "django_migrations"
params: ()
DEBUG 2025-05-10 21:53:16,374 query 9772 12852 Find query: {'projection': ['id', 'app', 'name', 'applied']}
DEBUG 2025-05-10 21:53:16,395 query 9772 12852 Result: (1, 'contenttypes', '0001_initial', datetime.datetime(2025, 5, 9, 6, 28, 8, 231000))
DEBUG 2025-05-10 21:53:16,395 query 9772 12852 Result: (2, 'auth', '0001_initial', datetime.datetime(2025, 5, 9, 6, 28, 8, 483000))
DEBUG 2025-05-10 21:53:16,395 query 9772 12852 Result: (3, 'admin', '0001_initial', datetime.datetime(2025, 5, 9, 6, 28, 8, 528000))
DEBUG 2025-05-10 21:53:16,397 query 9772 12852 Result: (4, 'admin', '0002_logentry_remove_auto_add', datetime.datetime(2025, 5, 9, 6, 28, 8, 538000))
DEBUG 2025-05-10 21:53:16,397 query 9772 12852 Result: (5, 'admin', '0003_logentry_add_action_flag_choices', datetime.datetime(2025, 5, 9, 6, 28, 8, 547000))
DEBUG 2025-05-10 21:53:16,397 query 9772 12852 Result: (6, 'contenttypes', '0002_remove_content_type_name', datetime.datetime(2025, 5, 9, 6, 28, 8, 569000))
DEBUG 2025-05-10 21:53:16,398 query 9772 12852 Result: (7, 'auth', '0002_alter_permission_name_max_length', datetime.datetime(2025, 5, 9, 6, 28, 8, 577000))
DEBUG 2025-05-10 21:53:16,398 query 9772 12852 Result: (8, 'auth', '0003_alter_user_email_max_length', datetime.datetime(2025, 5, 9, 6, 28, 8, 586000))
DEBUG 2025-05-10 21:53:16,398 query 9772 12852 Result: (9, 'auth', '0004_alter_user_username_opts', datetime.datetime(2025, 5, 9, 6, 28, 8, 597000))
DEBUG 2025-05-10 21:53:16,399 query 9772 12852 Result: (10, 'auth', '0005_alter_user_last_login_null', datetime.datetime(2025, 5, 9, 6, 28, 8, 607000))
DEBUG 2025-05-10 21:53:16,399 query 9772 12852 Result: (11, 'auth', '0006_require_contenttypes_0002', datetime.datetime(2025, 5, 9, 6, 28, 8, 611000))
DEBUG 2025-05-10 21:53:16,399 query 9772 12852 Result: (12, 'auth', '0007_alter_validators_add_error_messages', datetime.datetime(2025, 5, 9, 6, 28, 8, 621000))
DEBUG 2025-05-10 21:53:16,400 query 9772 12852 Result: (13, 'auth', '0008_alter_user_username_max_length', datetime.datetime(2025, 5, 9, 6, 28, 8, 630000))
DEBUG 2025-05-10 21:53:16,400 query 9772 12852 Result: (14, 'auth', '0009_alter_user_last_name_max_length', datetime.datetime(2025, 5, 9, 6, 28, 8, 640000))
DEBUG 2025-05-10 21:53:16,400 query 9772 12852 Result: (15, 'auth', '0010_alter_group_name_max_length', datetime.datetime(2025, 5, 9, 6, 28, 8, 649000))
DEBUG 2025-05-10 21:53:16,400 query 9772 12852 Result: (16, 'auth', '0011_update_proxy_permissions', datetime.datetime(2025, 5, 9, 6, 28, 8, 658000))
DEBUG 2025-05-10 21:53:16,401 query 9772 12852 Result: (17, 'auth', '0012_alter_user_first_name_max_length', datetime.datetime(2025, 5, 9, 6, 28, 8, 667000))
DEBUG 2025-05-10 21:53:16,401 query 9772 12852 Result: (18, 'fraud_app', '0001_initial', datetime.datetime(2025, 5, 9, 6, 28, 8, 765000))
DEBUG 2025-05-10 21:53:16,401 query 9772 12852 Result: (19, 'sessions', '0001_initial', datetime.datetime(2025, 5, 9, 6, 28, 8, 797000))
DEBUG 2025-05-10 21:57:41,210 base 9772 13188 New Database connection
DEBUG 2025-05-10 21:57:41,211 query 9772 13188 sql_command: SELECT "django_session"."session_key", "django_session"."session_data", "django_session"."expire_date" FROM "django_session" WHERE ("django_session"."expire_date" > %(0)s AND "django_session"."session_key" = %(1)s) LIMIT 21
params: (datetime.datetime(2025, 5, 11, 2, 57, 41, 209131), 'ro27gxcndrrp3tyezj3y44u8dkklz159')
DEBUG 2025-05-10 21:57:41,213 query 9772 13188 Find query: {'filter': {'$and': [{'expire_date': {'$gt': datetime.datetime(2025, 5, 11, 2, 57, 41, 209131)}}, {'session_key': {'$eq': 'ro27gxcndrrp3tyezj3y44u8dkklz159'}}]}, 'projection': ['session_key', 'session_data', 'expire_date'], 'limit': 21}
DEBUG 2025-05-10 21:57:41,300 base 9772 13188 MongoClient connection closed
DEBUG 2025-05-10 21:58:13,696 base 9772 16116 New Database connection
DEBUG 2025-05-10 21:58:13,696 query 9772 16116 sql_command: SELECT "auth_user"."id", "auth_user"."password", "auth_user"."last_login", "auth_user"."is_superuser", "auth_user"."username", "auth_user"."first_name", "auth_user"."last_name", "auth_user"."email", "auth_user"."is_staff", "auth_user"."is_active", "auth_user"."date_joined" FROM "auth_user" WHERE "auth_user"."username" = %(0)s LIMIT 21
params: ('daniigar2005@gmail.com',)
DEBUG 2025-05-10 21:58:13,702 query 9772 16116 Find query: {'filter': {'username': {'$eq': 'daniigar2005@gmail.com'}}, 'projection': ['id', 'password', 'last_login', 'is_superuser', 'username', 'first_name', 'last_name', 'email', 'is_staff', 'is_active', 'date_joined'], 'limit': 21}
DEBUG 2025-05-10 21:58:13,982 base 9772 16116 MongoClient connection closed
DEBUG 2025-05-10 21:58:32,084 base 9772 16116 Existing MongoClient connection closed
DEBUG 2025-05-10 21:58:32,085 base 9772 16116 New Database connection
DEBUG 2025-05-10 21:58:32,086 query 9772 16116 sql_command: SELECT "auth_user"."id", "auth_user"."password", "auth_user"."last_login", "auth_user"."is_superuser", "auth_user"."username", "auth_user"."first_name", "auth_user"."last_name", "auth_user"."email", "auth_user"."is_staff", "auth_user"."is_active", "auth_user"."date_joined" FROM "auth_user" WHERE "auth_user"."username" = %(0)s LIMIT 21
params: ('Daniel',)
DEBUG 2025-05-10 21:58:32,089 query 9772 16116 Find query: {'filter': {'username': {'$eq': 'Daniel'}}, 'projection': ['id', 'password', 'last_login', 'is_superuser', 'username', 'first_name', 'last_name', 'email', 'is_staff', 'is_active', 'date_joined'], 'limit': 21}
DEBUG 2025-05-10 21:58:32,368 base 9772 16116 MongoClient connection closed
ERROR 2025-05-10 22:04:44,109 train_model 17820 5352 Error durante el entrenamiento del modelo
Traceback (most recent call last):
  File "C:\Users\danii\OneDrive\Documentos\fraud_detection_system\fraud_analysis_service\fraud_app\management\commands\train_model.py", line 80, in handle
    result = train_model(None)  # La función train_model generará datos sintéticos
             ^^^^^^^^^^^^^^^^^
  File "C:\Users\danii\OneDrive\Documentos\fraud_detection_system\fraud_analysis_service\fraud_app\ml_model\train.py", line 119, in train_model
    df = generate_synthetic_data(500)  # 500 transacciones de ejemplo
         ^^^^^^^^^^^^^^^^^^^^^^^^^^^^
  File "C:\Users\danii\OneDrive\Documentos\fraud_detection_system\fraud_analysis_service\fraud_app\ml_model\train.py", line 72, in generate_synthetic_data
    hour = np.random.choice([np.random.randint(0, 6), np.random.randint(22, 24)])[0]
           ~~~~~~~~~~~~~~~~~~~~~~~~~~~~~~~~~~~~~~~~~~~~~~~~~~~~~~~~~~~~~~~~~~~~~~^^^
IndexError: invalid index to scalar variable.
DEBUG 2025-05-10 22:10:04,496 database 9956 20580 New MongoClient connection
DEBUG 2025-05-10 22:10:04,506 base 9956 20580 New Database connection
DEBUG 2025-05-10 22:10:04,550 query 9956 20580 sql_command: SELECT "django_migrations"."id", "django_migrations"."app", "django_migrations"."name", "django_migrations"."applied" FROM "django_migrations"
params: ()
DEBUG 2025-05-10 22:10:04,552 query 9956 20580 Find query: {'projection': ['id', 'app', 'name', 'applied']}
DEBUG 2025-05-10 22:10:04,554 query 9956 20580 Result: (1, 'contenttypes', '0001_initial', datetime.datetime(2025, 5, 9, 6, 28, 8, 231000))
DEBUG 2025-05-10 22:10:04,554 query 9956 20580 Result: (2, 'auth', '0001_initial', datetime.datetime(2025, 5, 9, 6, 28, 8, 483000))
DEBUG 2025-05-10 22:10:04,555 query 9956 20580 Result: (3, 'admin', '0001_initial', datetime.datetime(2025, 5, 9, 6, 28, 8, 528000))
DEBUG 2025-05-10 22:10:04,559 query 9956 20580 Result: (4, 'admin', '0002_logentry_remove_auto_add', datetime.datetime(2025, 5, 9, 6, 28, 8, 538000))
DEBUG 2025-05-10 22:10:04,560 query 9956 20580 Result: (5, 'admin', '0003_logentry_add_action_flag_choices', datetime.datetime(2025, 5, 9, 6, 28, 8, 547000))
DEBUG 2025-05-10 22:10:04,561 query 9956 20580 Result: (6, 'contenttypes', '0002_remove_content_type_name', datetime.datetime(2025, 5, 9, 6, 28, 8, 569000))
DEBUG 2025-05-10 22:10:04,561 query 9956 20580 Result: (7, 'auth', '0002_alter_permission_name_max_length', datetime.datetime(2025, 5, 9, 6, 28, 8, 577000))
DEBUG 2025-05-10 22:10:04,561 query 9956 20580 Result: (8, 'auth', '0003_alter_user_email_max_length', datetime.datetime(2025, 5, 9, 6, 28, 8, 586000))
DEBUG 2025-05-10 22:10:04,563 query 9956 20580 Result: (9, 'auth', '0004_alter_user_username_opts', datetime.datetime(2025, 5, 9, 6, 28, 8, 597000))
DEBUG 2025-05-10 22:10:04,565 query 9956 20580 Result: (10, 'auth', '0005_alter_user_last_login_null', datetime.datetime(2025, 5, 9, 6, 28, 8, 607000))
DEBUG 2025-05-10 22:10:04,565 query 9956 20580 Result: (11, 'auth', '0006_require_contenttypes_0002', datetime.datetime(2025, 5, 9, 6, 28, 8, 611000))
DEBUG 2025-05-10 22:10:04,565 query 9956 20580 Result: (12, 'auth', '0007_alter_validators_add_error_messages', datetime.datetime(2025, 5, 9, 6, 28, 8, 621000))
DEBUG 2025-05-10 22:10:04,566 query 9956 20580 Result: (13, 'auth', '0008_alter_user_username_max_length', datetime.datetime(2025, 5, 9, 6, 28, 8, 630000))
DEBUG 2025-05-10 22:10:04,566 query 9956 20580 Result: (14, 'auth', '0009_alter_user_last_name_max_length', datetime.datetime(2025, 5, 9, 6, 28, 8, 640000))
DEBUG 2025-05-10 22:10:04,567 query 9956 20580 Result: (15, 'auth', '0010_alter_group_name_max_length', datetime.datetime(2025, 5, 9, 6, 28, 8, 649000))
DEBUG 2025-05-10 22:10:04,567 query 9956 20580 Result: (16, 'auth', '0011_update_proxy_permissions', datetime.datetime(2025, 5, 9, 6, 28, 8, 658000))
DEBUG 2025-05-10 22:10:04,567 query 9956 20580 Result: (17, 'auth', '0012_alter_user_first_name_max_length', datetime.datetime(2025, 5, 9, 6, 28, 8, 667000))
DEBUG 2025-05-10 22:10:04,568 query 9956 20580 Result: (18, 'fraud_app', '0001_initial', datetime.datetime(2025, 5, 9, 6, 28, 8, 765000))
DEBUG 2025-05-10 22:10:04,568 query 9956 20580 Result: (19, 'sessions', '0001_initial', datetime.datetime(2025, 5, 9, 6, 28, 8, 797000))
DEBUG 2025-05-10 22:23:54,076 base 9956 22512 New Database connection
DEBUG 2025-05-10 22:23:54,076 query 9956 22512 sql_command: SELECT "fraud_app_useractivityprofile"."id", "fraud_app_useractivityprofile"."user_id", "fraud_app_useractivityprofile"."avg_transaction_amount", "fraud_app_useractivityprofile"."max_transaction_amount", "fraud_app_useractivityprofile"."min_transaction_amount", "fraud_app_useractivityprofile"."std_transaction_amount", "fraud_app_useractivityprofile"."total_transactions", "fraud_app_useractivityprofile"."fraudulent_transactions", "fraud_app_useractivityprofile"."last_active", "fraud_app_useractivityprofile"."common_transaction_hours", "fraud_app_useractivityprofile"."common_transaction_days" FROM "fraud_app_useractivityprofile" WHERE "fraud_app_useractivityprofile"."user_id" = %(0)s LIMIT 21
params: ('test-user-id',)
DEBUG 2025-05-10 22:23:54,080 query 9956 22512 Find query: {'filter': {'user_id': {'$eq': 'test-user-id'}}, 'projection': ['id', 'user_id', 'avg_transaction_amount', 'max_transaction_amount', 'min_transaction_amount', 'std_transaction_amount', 'total_transactions', 'fraudulent_transactions', 'last_active', 'common_transaction_hours', 'common_transaction_days'], 'limit': 21}
DEBUG 2025-05-10 22:23:54,102 query 9956 22512 sql_command: INSERT INTO "fraud_app_useractivityprofile" ("user_id", "avg_transaction_amount", "max_transaction_amount", "min_transaction_amount", "std_transaction_amount", "total_transactions", "fraudulent_transactions", "last_active", "common_transaction_hours", "common_transaction_days") VALUES (%(0)s, %(1)s, %(2)s, %(3)s, %(4)s, %(5)s, %(6)s, %(7)s, %(8)s, %(9)s)
params: ['test-user-id', 0.0, 0.0, 0.0, 0.0, 0, 0, datetime.datetime(2025, 5, 11, 3, 23, 54, 102732), '[]', '[]']
DEBUG 2025-05-10 22:23:54,186 query 9956 22512 inserted ids [ObjectId('6820184aeab20499398909a3')]
DEBUG 2025-05-10 22:23:54,187 query 9956 22512 sql_command: INSERT INTO "fraud_app_transactionfeature" ("transaction_id", "sender_id", "amount", "created_at", "hour_of_day", "day_of_week", "is_weekend", "sender_avg_amount", "sender_transaction_count", "sender_transaction_frequency", "amount_deviation", "fraud_score", "is_fraud", "model_version", "processed_at") VALUES (%(0)s, %(1)s, %(2)s, %(3)s, %(4)s, %(5)s, %(6)s, %(7)s, %(8)s, %(9)s, %(10)s, %(11)s, %(12)s, %(13)s, %(14)s)
params: ['test-transaction-id', 'test-user-id', 100.0, datetime.datetime(2023, 1, 1, 12, 0), 7, 6, True, 0.0, 0, 0.0, 0.0, 0.0, False, 'v1.0', datetime.datetime(2025, 5, 11, 3, 23, 54, 187016)]
DEBUG 2025-05-10 22:23:54,263 query 9956 22512 inserted ids [ObjectId('6820184aeab20499398909a4')]
DEBUG 2025-05-10 22:23:54,286 query 9956 22512 sql_command: UPDATE "fraud_app_transactionfeature" SET "transaction_id" = %(0)s, "sender_id" = %(1)s, "amount" = %(2)s, "created_at" = %(3)s, "hour_of_day" = %(4)s, "day_of_week" = %(5)s, "is_weekend" = %(6)s, "sender_avg_amount" = %(7)s, "sender_transaction_count" = %(8)s, "sender_transaction_frequency" = %(9)s, "amount_deviation" = %(10)s, "fraud_score" = %(11)s, "is_fraud" = %(12)s, "model_version" = %(13)s, "processed_at" = %(14)s WHERE "fraud_app_transactionfeature"."id" = %(15)s
params: ('test-transaction-id', 'test-user-id', 100.0, datetime.datetime(2023, 1, 1, 12, 0), 7, 6, True, 0.0, 0, 0.0, 0.0, 0.78, True, 'v1.202505102210', datetime.datetime(2025, 5, 11, 3, 23, 54, 187016), 5)
DEBUG 2025-05-10 22:23:54,293 query 9956 22512 update_many: 1, matched: 1
DEBUG 2025-05-10 22:23:54,294 query 9956 22512 sql_command: SELECT "fraud_app_useractivityprofile"."id", "fraud_app_useractivityprofile"."user_id", "fraud_app_useractivityprofile"."avg_transaction_amount", "fraud_app_useractivityprofile"."max_transaction_amount", "fraud_app_useractivityprofile"."min_transaction_amount", "fraud_app_useractivityprofile"."std_transaction_amount", "fraud_app_useractivityprofile"."total_transactions", "fraud_app_useractivityprofile"."fraudulent_transactions", "fraud_app_useractivityprofile"."last_active", "fraud_app_useractivityprofile"."common_transaction_hours", "fraud_app_useractivityprofile"."common_transaction_days" FROM "fraud_app_useractivityprofile" WHERE "fraud_app_useractivityprofile"."user_id" = %(0)s LIMIT 21
params: ('test-user-id',)
DEBUG 2025-05-10 22:23:54,297 query 9956 22512 Find query: {'filter': {'user_id': {'$eq': 'test-user-id'}}, 'projection': ['id', 'user_id', 'avg_transaction_amount', 'max_transaction_amount', 'min_transaction_amount', 'std_transaction_amount', 'total_transactions', 'fraudulent_transactions', 'last_active', 'common_transaction_hours', 'common_transaction_days'], 'limit': 21}
DEBUG 2025-05-10 22:23:54,299 query 9956 22512 Result: (2, 'test-user-id', 0.0, 0.0, 0.0, 0.0, 0, 0, datetime.datetime(2025, 5, 11, 3, 23, 54, 102000), '[]', '[]')
DEBUG 2025-05-10 22:23:54,300 query 9956 22512 sql_command: UPDATE "fraud_app_useractivityprofile" SET "user_id" = %(0)s, "avg_transaction_amount" = %(1)s, "max_transaction_amount" = %(2)s, "min_transaction_amount" = %(3)s, "std_transaction_amount" = %(4)s, "total_transactions" = %(5)s, "fraudulent_transactions" = %(6)s, "last_active" = %(7)s, "common_transaction_hours" = %(8)s, "common_transaction_days" = %(9)s WHERE "fraud_app_useractivityprofile"."id" = %(10)s
params: ('test-user-id', 100.0, 100.0, 100.0, 0.0, 1, 0, datetime.datetime(2025, 5, 11, 3, 23, 54, 299892), '[7]', '[6]', 2)
DEBUG 2025-05-10 22:23:54,304 query 9956 22512 update_many: 1, matched: 1
DEBUG 2025-05-10 22:23:54,305 query 9956 22512 sql_command: UPDATE "fraud_app_useractivityprofile" SET "user_id" = %(0)s, "avg_transaction_amount" = %(1)s, "max_transaction_amount" = %(2)s, "min_transaction_amount" = %(3)s, "std_transaction_amount" = %(4)s, "total_transactions" = %(5)s, "fraudulent_transactions" = %(6)s, "last_active" = %(7)s, "common_transaction_hours" = %(8)s, "common_transaction_days" = %(9)s WHERE "fraud_app_useractivityprofile"."id" = %(10)s
params: ('test-user-id', 100.0, 100.0, 100.0, 0.0, 1, 1, datetime.datetime(2025, 5, 11, 3, 23, 54, 305469), '[7]', '[6]', 2)
DEBUG 2025-05-10 22:23:54,309 query 9956 22512 update_many: 1, matched: 1
DEBUG 2025-05-10 22:23:54,313 base 9956 22512 MongoClient connection closed
DEBUG 2025-05-10 22:39:26,695 base 9956 4432 New Database connection
DEBUG 2025-05-10 22:39:26,695 query 9956 4432 sql_command: SELECT "fraud_app_useractivityprofile"."id", "fraud_app_useractivityprofile"."user_id", "fraud_app_useractivityprofile"."avg_transaction_amount", "fraud_app_useractivityprofile"."max_transaction_amount", "fraud_app_useractivityprofile"."min_transaction_amount", "fraud_app_useractivityprofile"."std_transaction_amount", "fraud_app_useractivityprofile"."total_transactions", "fraud_app_useractivityprofile"."fraudulent_transactions", "fraud_app_useractivityprofile"."last_active", "fraud_app_useractivityprofile"."common_transaction_hours", "fraud_app_useractivityprofile"."common_transaction_days" FROM "fraud_app_useractivityprofile" WHERE "fraud_app_useractivityprofile"."user_id" = %(0)s LIMIT 21
params: ('test-user-id',)
DEBUG 2025-05-10 22:39:26,699 query 9956 4432 Find query: {'filter': {'user_id': {'$eq': 'test-user-id'}}, 'projection': ['id', 'user_id', 'avg_transaction_amount', 'max_transaction_amount', 'min_transaction_amount', 'std_transaction_amount', 'total_transactions', 'fraudulent_transactions', 'last_active', 'common_transaction_hours', 'common_transaction_days'], 'limit': 21}
DEBUG 2025-05-10 22:39:26,708 query 9956 4432 Result: (2, 'test-user-id', 100.0, 100.0, 100.0, 0.0, 1, 1, datetime.datetime(2025, 5, 11, 3, 23, 54, 305000), '[7]', '[6]')
DEBUG 2025-05-10 22:39:26,712 query 9956 4432 sql_command: INSERT INTO "fraud_app_transactionfeature" ("transaction_id", "sender_id", "amount", "created_at", "hour_of_day", "day_of_week", "is_weekend", "sender_avg_amount", "sender_transaction_count", "sender_transaction_frequency", "amount_deviation", "fraud_score", "is_fraud", "model_version", "processed_at") VALUES (%(0)s, %(1)s, %(2)s, %(3)s, %(4)s, %(5)s, %(6)s, %(7)s, %(8)s, %(9)s, %(10)s, %(11)s, %(12)s, %(13)s, %(14)s)
params: ['test-transaction-id', 'test-user-id', 100.0, datetime.datetime(2023, 1, 1, 12, 0), 7, 6, True, 100.0, 1, 1.0, 0.0, 0.0, False, 'v1.0', datetime.datetime(2025, 5, 11, 3, 39, 26, 712741)]
DEBUG 2025-05-10 22:39:26,790 query 9956 4432 sql_command: SELECT "fraud_app_transactionfeature"."id", "fraud_app_transactionfeature"."transaction_id", "fraud_app_transactionfeature"."sender_id", "fraud_app_transactionfeature"."amount", "fraud_app_transactionfeature"."created_at", "fraud_app_transactionfeature"."hour_of_day", "fraud_app_transactionfeature"."day_of_week", "fraud_app_transactionfeature"."is_weekend", "fraud_app_transactionfeature"."sender_avg_amount", "fraud_app_transactionfeature"."sender_transaction_count", "fraud_app_transactionfeature"."sender_transaction_frequency", "fraud_app_transactionfeature"."amount_deviation", "fraud_app_transactionfeature"."fraud_score", "fraud_app_transactionfeature"."is_fraud", "fraud_app_transactionfeature"."model_version", "fraud_app_transactionfeature"."processed_at" FROM "fraud_app_transactionfeature" LIMIT 21
params: ()
DEBUG 2025-05-10 22:39:26,794 query 9956 4432 Find query: {'projection': ['id', 'transaction_id', 'sender_id', 'amount', 'created_at', 'hour_of_day', 'day_of_week', 'is_weekend', 'sender_avg_amount', 'sender_transaction_count', 'sender_transaction_frequency', 'amount_deviation', 'fraud_score', 'is_fraud', 'model_version', 'processed_at'], 'limit': 21}
DEBUG 2025-05-10 22:39:26,796 query 9956 4432 Result: (1, 'test-transaction-123', 'user-123', 500.0, datetime.datetime(2025, 5, 9, 1, 30), 20, 3, False, 0.0, 0, 0.0, 0.0, 0.0, False, 'v1.0', datetime.datetime(2025, 5, 9, 6, 35, 47, 287000))
DEBUG 2025-05-10 22:39:26,796 query 9956 4432 Result: (3, 'test-transaction-124', 'user-123', 500.0, datetime.datetime(2025, 5, 9, 1, 30), 20, 3, False, 0.0, 0, 0.0, 0.0, 0.0, False, 'v1.0', datetime.datetime(2025, 5, 9, 6, 43, 37, 89000))
DEBUG 2025-05-10 22:39:26,797 query 9956 4432 Result: (4, 'test-transaction-125', 'user-123', 500.0, datetime.datetime(2025, 5, 9, 1, 30), 20, 3, False, 0.0, 0, 0.0, 0.0, 0.0, False, 'v1.0', datetime.datetime(2025, 5, 9, 6, 46, 56, 914000))
DEBUG 2025-05-10 22:39:26,797 query 9956 4432 Result: (5, 'test-transaction-id', 'test-user-id', 100.0, datetime.datetime(2023, 1, 1, 12, 0), 7, 6, True, 0.0, 0, 0.0, 0.0, 0.78, True, 'v1.202505102210', datetime.datetime(2025, 5, 11, 3, 23, 54, 187000))
DEBUG 2025-05-10 22:39:26,798 query 9956 4432 sql_command: SELECT "fraud_app_transactionfeature"."id", "fraud_app_transactionfeature"."transaction_id", "fraud_app_transactionfeature"."sender_id", "fraud_app_transactionfeature"."amount", "fraud_app_transactionfeature"."created_at", "fraud_app_transactionfeature"."hour_of_day", "fraud_app_transactionfeature"."day_of_week", "fraud_app_transactionfeature"."is_weekend", "fraud_app_transactionfeature"."sender_avg_amount", "fraud_app_transactionfeature"."sender_transaction_count", "fraud_app_transactionfeature"."sender_transaction_frequency", "fraud_app_transactionfeature"."amount_deviation", "fraud_app_transactionfeature"."fraud_score", "fraud_app_transactionfeature"."is_fraud", "fraud_app_transactionfeature"."model_version", "fraud_app_transactionfeature"."processed_at" FROM "fraud_app_transactionfeature" LIMIT 21
params: ()
DEBUG 2025-05-10 22:39:26,802 query 9956 4432 Find query: {'projection': ['id', 'transaction_id', 'sender_id', 'amount', 'created_at', 'hour_of_day', 'day_of_week', 'is_weekend', 'sender_avg_amount', 'sender_transaction_count', 'sender_transaction_frequency', 'amount_deviation', 'fraud_score', 'is_fraud', 'model_version', 'processed_at'], 'limit': 21}
DEBUG 2025-05-10 22:39:26,803 query 9956 4432 Result: (1, 'test-transaction-123', 'user-123', 500.0, datetime.datetime(2025, 5, 9, 1, 30), 20, 3, False, 0.0, 0, 0.0, 0.0, 0.0, False, 'v1.0', datetime.datetime(2025, 5, 9, 6, 35, 47, 287000))
DEBUG 2025-05-10 22:39:26,804 query 9956 4432 Result: (3, 'test-transaction-124', 'user-123', 500.0, datetime.datetime(2025, 5, 9, 1, 30), 20, 3, False, 0.0, 0, 0.0, 0.0, 0.0, False, 'v1.0', datetime.datetime(2025, 5, 9, 6, 43, 37, 89000))
DEBUG 2025-05-10 22:39:26,805 query 9956 4432 Result: (4, 'test-transaction-125', 'user-123', 500.0, datetime.datetime(2025, 5, 9, 1, 30), 20, 3, False, 0.0, 0, 0.0, 0.0, 0.0, False, 'v1.0', datetime.datetime(2025, 5, 9, 6, 46, 56, 914000))
DEBUG 2025-05-10 22:39:26,805 query 9956 4432 Result: (5, 'test-transaction-id', 'test-user-id', 100.0, datetime.datetime(2023, 1, 1, 12, 0), 7, 6, True, 0.0, 0, 0.0, 0.0, 0.78, True, 'v1.202505102210', datetime.datetime(2025, 5, 11, 3, 23, 54, 187000))
DEBUG 2025-05-10 22:39:26,856 base 9956 4432 MongoClient connection closed
DEBUG 2025-05-10 22:42:22,443 base 9956 15536 New Database connection
DEBUG 2025-05-10 22:42:22,443 query 9956 15536 sql_command: SELECT "fraud_app_useractivityprofile"."id", "fraud_app_useractivityprofile"."user_id", "fraud_app_useractivityprofile"."avg_transaction_amount", "fraud_app_useractivityprofile"."max_transaction_amount", "fraud_app_useractivityprofile"."min_transaction_amount", "fraud_app_useractivityprofile"."std_transaction_amount", "fraud_app_useractivityprofile"."total_transactions", "fraud_app_useractivityprofile"."fraudulent_transactions", "fraud_app_useractivityprofile"."last_active", "fraud_app_useractivityprofile"."common_transaction_hours", "fraud_app_useractivityprofile"."common_transaction_days" FROM "fraud_app_useractivityprofile" WHERE "fraud_app_useractivityprofile"."user_id" = %(0)s LIMIT 21
params: ('test-user-id',)
DEBUG 2025-05-10 22:42:22,449 query 9956 15536 Find query: {'filter': {'user_id': {'$eq': 'test-user-id'}}, 'projection': ['id', 'user_id', 'avg_transaction_amount', 'max_transaction_amount', 'min_transaction_amount', 'std_transaction_amount', 'total_transactions', 'fraudulent_transactions', 'last_active', 'common_transaction_hours', 'common_transaction_days'], 'limit': 21}
DEBUG 2025-05-10 22:42:22,458 query 9956 15536 Result: (2, 'test-user-id', 100.0, 100.0, 100.0, 0.0, 1, 1, datetime.datetime(2025, 5, 11, 3, 23, 54, 305000), '[7]', '[6]')
DEBUG 2025-05-10 22:42:22,459 query 9956 15536 sql_command: INSERT INTO "fraud_app_transactionfeature" ("transaction_id", "sender_id", "amount", "created_at", "hour_of_day", "day_of_week", "is_weekend", "sender_avg_amount", "sender_transaction_count", "sender_transaction_frequency", "amount_deviation", "fraud_score", "is_fraud", "model_version", "processed_at") VALUES (%(0)s, %(1)s, %(2)s, %(3)s, %(4)s, %(5)s, %(6)s, %(7)s, %(8)s, %(9)s, %(10)s, %(11)s, %(12)s, %(13)s, %(14)s)
params: ['test-transaction-id', 'test-user-id', 100.0, datetime.datetime(2023, 1, 1, 12, 0), 7, 6, True, 100.0, 1, 1.0, 0.0, 0.0, False, 'v1.0', datetime.datetime(2025, 5, 11, 3, 42, 22, 459054)]
DEBUG 2025-05-10 22:42:22,493 query 9956 15536 sql_command: SELECT "fraud_app_transactionfeature"."id", "fraud_app_transactionfeature"."transaction_id", "fraud_app_transactionfeature"."sender_id", "fraud_app_transactionfeature"."amount", "fraud_app_transactionfeature"."created_at", "fraud_app_transactionfeature"."hour_of_day", "fraud_app_transactionfeature"."day_of_week", "fraud_app_transactionfeature"."is_weekend", "fraud_app_transactionfeature"."sender_avg_amount", "fraud_app_transactionfeature"."sender_transaction_count", "fraud_app_transactionfeature"."sender_transaction_frequency", "fraud_app_transactionfeature"."amount_deviation", "fraud_app_transactionfeature"."fraud_score", "fraud_app_transactionfeature"."is_fraud", "fraud_app_transactionfeature"."model_version", "fraud_app_transactionfeature"."processed_at" FROM "fraud_app_transactionfeature" LIMIT 21
params: ()
DEBUG 2025-05-10 22:42:22,497 query 9956 15536 Find query: {'projection': ['id', 'transaction_id', 'sender_id', 'amount', 'created_at', 'hour_of_day', 'day_of_week', 'is_weekend', 'sender_avg_amount', 'sender_transaction_count', 'sender_transaction_frequency', 'amount_deviation', 'fraud_score', 'is_fraud', 'model_version', 'processed_at'], 'limit': 21}
DEBUG 2025-05-10 22:42:22,499 query 9956 15536 Result: (1, 'test-transaction-123', 'user-123', 500.0, datetime.datetime(2025, 5, 9, 1, 30), 20, 3, False, 0.0, 0, 0.0, 0.0, 0.0, False, 'v1.0', datetime.datetime(2025, 5, 9, 6, 35, 47, 287000))
DEBUG 2025-05-10 22:42:22,500 query 9956 15536 Result: (3, 'test-transaction-124', 'user-123', 500.0, datetime.datetime(2025, 5, 9, 1, 30), 20, 3, False, 0.0, 0, 0.0, 0.0, 0.0, False, 'v1.0', datetime.datetime(2025, 5, 9, 6, 43, 37, 89000))
DEBUG 2025-05-10 22:42:22,500 query 9956 15536 Result: (4, 'test-transaction-125', 'user-123', 500.0, datetime.datetime(2025, 5, 9, 1, 30), 20, 3, False, 0.0, 0, 0.0, 0.0, 0.0, False, 'v1.0', datetime.datetime(2025, 5, 9, 6, 46, 56, 914000))
DEBUG 2025-05-10 22:42:22,501 query 9956 15536 Result: (5, 'test-transaction-id', 'test-user-id', 100.0, datetime.datetime(2023, 1, 1, 12, 0), 7, 6, True, 0.0, 0, 0.0, 0.0, 0.78, True, 'v1.202505102210', datetime.datetime(2025, 5, 11, 3, 23, 54, 187000))
DEBUG 2025-05-10 22:42:22,502 query 9956 15536 sql_command: SELECT "fraud_app_transactionfeature"."id", "fraud_app_transactionfeature"."transaction_id", "fraud_app_transactionfeature"."sender_id", "fraud_app_transactionfeature"."amount", "fraud_app_transactionfeature"."created_at", "fraud_app_transactionfeature"."hour_of_day", "fraud_app_transactionfeature"."day_of_week", "fraud_app_transactionfeature"."is_weekend", "fraud_app_transactionfeature"."sender_avg_amount", "fraud_app_transactionfeature"."sender_transaction_count", "fraud_app_transactionfeature"."sender_transaction_frequency", "fraud_app_transactionfeature"."amount_deviation", "fraud_app_transactionfeature"."fraud_score", "fraud_app_transactionfeature"."is_fraud", "fraud_app_transactionfeature"."model_version", "fraud_app_transactionfeature"."processed_at" FROM "fraud_app_transactionfeature" LIMIT 21
params: ()
DEBUG 2025-05-10 22:42:22,505 query 9956 15536 Find query: {'projection': ['id', 'transaction_id', 'sender_id', 'amount', 'created_at', 'hour_of_day', 'day_of_week', 'is_weekend', 'sender_avg_amount', 'sender_transaction_count', 'sender_transaction_frequency', 'amount_deviation', 'fraud_score', 'is_fraud', 'model_version', 'processed_at'], 'limit': 21}
DEBUG 2025-05-10 22:42:22,508 query 9956 15536 Result: (1, 'test-transaction-123', 'user-123', 500.0, datetime.datetime(2025, 5, 9, 1, 30), 20, 3, False, 0.0, 0, 0.0, 0.0, 0.0, False, 'v1.0', datetime.datetime(2025, 5, 9, 6, 35, 47, 287000))
DEBUG 2025-05-10 22:42:22,510 query 9956 15536 Result: (3, 'test-transaction-124', 'user-123', 500.0, datetime.datetime(2025, 5, 9, 1, 30), 20, 3, False, 0.0, 0, 0.0, 0.0, 0.0, False, 'v1.0', datetime.datetime(2025, 5, 9, 6, 43, 37, 89000))
DEBUG 2025-05-10 22:42:22,511 query 9956 15536 Result: (4, 'test-transaction-125', 'user-123', 500.0, datetime.datetime(2025, 5, 9, 1, 30), 20, 3, False, 0.0, 0, 0.0, 0.0, 0.0, False, 'v1.0', datetime.datetime(2025, 5, 9, 6, 46, 56, 914000))
DEBUG 2025-05-10 22:42:22,512 query 9956 15536 Result: (5, 'test-transaction-id', 'test-user-id', 100.0, datetime.datetime(2023, 1, 1, 12, 0), 7, 6, True, 0.0, 0, 0.0, 0.0, 0.78, True, 'v1.202505102210', datetime.datetime(2025, 5, 11, 3, 23, 54, 187000))
DEBUG 2025-05-10 22:42:22,553 base 9956 15536 MongoClient connection closed
DEBUG 2025-05-10 22:45:32,674 base 9956 3908 New Database connection
DEBUG 2025-05-10 22:45:32,676 query 9956 3908 sql_command: SELECT "fraud_app_useractivityprofile"."id", "fraud_app_useractivityprofile"."user_id", "fraud_app_useractivityprofile"."avg_transaction_amount", "fraud_app_useractivityprofile"."max_transaction_amount", "fraud_app_useractivityprofile"."min_transaction_amount", "fraud_app_useractivityprofile"."std_transaction_amount", "fraud_app_useractivityprofile"."total_transactions", "fraud_app_useractivityprofile"."fraudulent_transactions", "fraud_app_useractivityprofile"."last_active", "fraud_app_useractivityprofile"."common_transaction_hours", "fraud_app_useractivityprofile"."common_transaction_days" FROM "fraud_app_useractivityprofile" WHERE "fraud_app_useractivityprofile"."user_id" = %(0)s LIMIT 21
params: ('test-user-id',)
DEBUG 2025-05-10 22:45:32,680 query 9956 3908 Find query: {'filter': {'user_id': {'$eq': 'test-user-id'}}, 'projection': ['id', 'user_id', 'avg_transaction_amount', 'max_transaction_amount', 'min_transaction_amount', 'std_transaction_amount', 'total_transactions', 'fraudulent_transactions', 'last_active', 'common_transaction_hours', 'common_transaction_days'], 'limit': 21}
DEBUG 2025-05-10 22:45:32,708 query 9956 3908 Result: (2, 'test-user-id', 100.0, 100.0, 100.0, 0.0, 1, 1, datetime.datetime(2025, 5, 11, 3, 23, 54, 305000), '[7]', '[6]')
DEBUG 2025-05-10 22:45:32,709 query 9956 3908 sql_command: INSERT INTO "fraud_app_transactionfeature" ("transaction_id", "sender_id", "amount", "created_at", "hour_of_day", "day_of_week", "is_weekend", "sender_avg_amount", "sender_transaction_count", "sender_transaction_frequency", "amount_deviation", "fraud_score", "is_fraud", "model_version", "processed_at") VALUES (%(0)s, %(1)s, %(2)s, %(3)s, %(4)s, %(5)s, %(6)s, %(7)s, %(8)s, %(9)s, %(10)s, %(11)s, %(12)s, %(13)s, %(14)s)
params: ['test-transaction-id', 'test-user-id', 100.0, datetime.datetime(2023, 1, 1, 12, 0), 7, 6, True, 100.0, 1, 1.0, 0.0, 0.0, False, 'v1.0', datetime.datetime(2025, 5, 11, 3, 45, 32, 709591)]
DEBUG 2025-05-10 22:45:32,742 query 9956 3908 sql_command: SELECT "fraud_app_transactionfeature"."id", "fraud_app_transactionfeature"."transaction_id", "fraud_app_transactionfeature"."sender_id", "fraud_app_transactionfeature"."amount", "fraud_app_transactionfeature"."created_at", "fraud_app_transactionfeature"."hour_of_day", "fraud_app_transactionfeature"."day_of_week", "fraud_app_transactionfeature"."is_weekend", "fraud_app_transactionfeature"."sender_avg_amount", "fraud_app_transactionfeature"."sender_transaction_count", "fraud_app_transactionfeature"."sender_transaction_frequency", "fraud_app_transactionfeature"."amount_deviation", "fraud_app_transactionfeature"."fraud_score", "fraud_app_transactionfeature"."is_fraud", "fraud_app_transactionfeature"."model_version", "fraud_app_transactionfeature"."processed_at" FROM "fraud_app_transactionfeature" LIMIT 21
params: ()
DEBUG 2025-05-10 22:45:32,746 query 9956 3908 Find query: {'projection': ['id', 'transaction_id', 'sender_id', 'amount', 'created_at', 'hour_of_day', 'day_of_week', 'is_weekend', 'sender_avg_amount', 'sender_transaction_count', 'sender_transaction_frequency', 'amount_deviation', 'fraud_score', 'is_fraud', 'model_version', 'processed_at'], 'limit': 21}
DEBUG 2025-05-10 22:45:32,748 query 9956 3908 Result: (1, 'test-transaction-123', 'user-123', 500.0, datetime.datetime(2025, 5, 9, 1, 30), 20, 3, False, 0.0, 0, 0.0, 0.0, 0.0, False, 'v1.0', datetime.datetime(2025, 5, 9, 6, 35, 47, 287000))
DEBUG 2025-05-10 22:45:32,748 query 9956 3908 Result: (3, 'test-transaction-124', 'user-123', 500.0, datetime.datetime(2025, 5, 9, 1, 30), 20, 3, False, 0.0, 0, 0.0, 0.0, 0.0, False, 'v1.0', datetime.datetime(2025, 5, 9, 6, 43, 37, 89000))
DEBUG 2025-05-10 22:45:32,748 query 9956 3908 Result: (4, 'test-transaction-125', 'user-123', 500.0, datetime.datetime(2025, 5, 9, 1, 30), 20, 3, False, 0.0, 0, 0.0, 0.0, 0.0, False, 'v1.0', datetime.datetime(2025, 5, 9, 6, 46, 56, 914000))
DEBUG 2025-05-10 22:45:32,749 query 9956 3908 Result: (5, 'test-transaction-id', 'test-user-id', 100.0, datetime.datetime(2023, 1, 1, 12, 0), 7, 6, True, 0.0, 0, 0.0, 0.0, 0.78, True, 'v1.202505102210', datetime.datetime(2025, 5, 11, 3, 23, 54, 187000))
DEBUG 2025-05-10 22:45:32,751 query 9956 3908 sql_command: SELECT "fraud_app_transactionfeature"."id", "fraud_app_transactionfeature"."transaction_id", "fraud_app_transactionfeature"."sender_id", "fraud_app_transactionfeature"."amount", "fraud_app_transactionfeature"."created_at", "fraud_app_transactionfeature"."hour_of_day", "fraud_app_transactionfeature"."day_of_week", "fraud_app_transactionfeature"."is_weekend", "fraud_app_transactionfeature"."sender_avg_amount", "fraud_app_transactionfeature"."sender_transaction_count", "fraud_app_transactionfeature"."sender_transaction_frequency", "fraud_app_transactionfeature"."amount_deviation", "fraud_app_transactionfeature"."fraud_score", "fraud_app_transactionfeature"."is_fraud", "fraud_app_transactionfeature"."model_version", "fraud_app_transactionfeature"."processed_at" FROM "fraud_app_transactionfeature" LIMIT 21
params: ()
DEBUG 2025-05-10 22:45:32,755 query 9956 3908 Find query: {'projection': ['id', 'transaction_id', 'sender_id', 'amount', 'created_at', 'hour_of_day', 'day_of_week', 'is_weekend', 'sender_avg_amount', 'sender_transaction_count', 'sender_transaction_frequency', 'amount_deviation', 'fraud_score', 'is_fraud', 'model_version', 'processed_at'], 'limit': 21}
DEBUG 2025-05-10 22:45:32,757 query 9956 3908 Result: (1, 'test-transaction-123', 'user-123', 500.0, datetime.datetime(2025, 5, 9, 1, 30), 20, 3, False, 0.0, 0, 0.0, 0.0, 0.0, False, 'v1.0', datetime.datetime(2025, 5, 9, 6, 35, 47, 287000))
DEBUG 2025-05-10 22:45:32,757 query 9956 3908 Result: (3, 'test-transaction-124', 'user-123', 500.0, datetime.datetime(2025, 5, 9, 1, 30), 20, 3, False, 0.0, 0, 0.0, 0.0, 0.0, False, 'v1.0', datetime.datetime(2025, 5, 9, 6, 43, 37, 89000))
DEBUG 2025-05-10 22:45:32,757 query 9956 3908 Result: (4, 'test-transaction-125', 'user-123', 500.0, datetime.datetime(2025, 5, 9, 1, 30), 20, 3, False, 0.0, 0, 0.0, 0.0, 0.0, False, 'v1.0', datetime.datetime(2025, 5, 9, 6, 46, 56, 914000))
DEBUG 2025-05-10 22:45:32,758 query 9956 3908 Result: (5, 'test-transaction-id', 'test-user-id', 100.0, datetime.datetime(2023, 1, 1, 12, 0), 7, 6, True, 0.0, 0, 0.0, 0.0, 0.78, True, 'v1.202505102210', datetime.datetime(2025, 5, 11, 3, 23, 54, 187000))
DEBUG 2025-05-10 22:45:32,795 base 9956 3908 MongoClient connection closed
DEBUG 2025-05-10 22:52:57,625 base 9956 20184 New Database connection
DEBUG 2025-05-10 22:52:57,625 query 9956 20184 sql_command: SELECT "fraud_app_useractivityprofile"."id", "fraud_app_useractivityprofile"."user_id", "fraud_app_useractivityprofile"."avg_transaction_amount", "fraud_app_useractivityprofile"."max_transaction_amount", "fraud_app_useractivityprofile"."min_transaction_amount", "fraud_app_useractivityprofile"."std_transaction_amount", "fraud_app_useractivityprofile"."total_transactions", "fraud_app_useractivityprofile"."fraudulent_transactions", "fraud_app_useractivityprofile"."last_active", "fraud_app_useractivityprofile"."common_transaction_hours", "fraud_app_useractivityprofile"."common_transaction_days" FROM "fraud_app_useractivityprofile" WHERE "fraud_app_useractivityprofile"."user_id" = %(0)s LIMIT 21
params: ('test-user-id',)
DEBUG 2025-05-10 22:52:57,628 query 9956 20184 Find query: {'filter': {'user_id': {'$eq': 'test-user-id'}}, 'projection': ['id', 'user_id', 'avg_transaction_amount', 'max_transaction_amount', 'min_transaction_amount', 'std_transaction_amount', 'total_transactions', 'fraudulent_transactions', 'last_active', 'common_transaction_hours', 'common_transaction_days'], 'limit': 21}
DEBUG 2025-05-10 22:52:57,635 query 9956 20184 Result: (2, 'test-user-id', 100.0, 100.0, 100.0, 0.0, 1, 1, datetime.datetime(2025, 5, 11, 3, 23, 54, 305000), '[7]', '[6]')
DEBUG 2025-05-10 22:52:57,636 query 9956 20184 sql_command: INSERT INTO "fraud_app_transactionfeature" ("transaction_id", "sender_id", "amount", "created_at", "hour_of_day", "day_of_week", "is_weekend", "sender_avg_amount", "sender_transaction_count", "sender_transaction_frequency", "amount_deviation", "fraud_score", "is_fraud", "model_version", "processed_at") VALUES (%(0)s, %(1)s, %(2)s, %(3)s, %(4)s, %(5)s, %(6)s, %(7)s, %(8)s, %(9)s, %(10)s, %(11)s, %(12)s, %(13)s, %(14)s)
params: ['test-transaction-id', 'test-user-id', 100.0, datetime.datetime(2023, 1, 1, 12, 0), 7, 6, True, 100.0, 1, 1.0, 0.0, 0.0, False, 'v1.0', datetime.datetime(2025, 5, 11, 3, 52, 57, 636791)]
DEBUG 2025-05-10 22:52:57,671 query 9956 20184 sql_command: SELECT "fraud_app_transactionfeature"."id", "fraud_app_transactionfeature"."transaction_id", "fraud_app_transactionfeature"."sender_id", "fraud_app_transactionfeature"."amount", "fraud_app_transactionfeature"."created_at", "fraud_app_transactionfeature"."hour_of_day", "fraud_app_transactionfeature"."day_of_week", "fraud_app_transactionfeature"."is_weekend", "fraud_app_transactionfeature"."sender_avg_amount", "fraud_app_transactionfeature"."sender_transaction_count", "fraud_app_transactionfeature"."sender_transaction_frequency", "fraud_app_transactionfeature"."amount_deviation", "fraud_app_transactionfeature"."fraud_score", "fraud_app_transactionfeature"."is_fraud", "fraud_app_transactionfeature"."model_version", "fraud_app_transactionfeature"."processed_at" FROM "fraud_app_transactionfeature" LIMIT 21
params: ()
DEBUG 2025-05-10 22:52:57,676 query 9956 20184 Find query: {'projection': ['id', 'transaction_id', 'sender_id', 'amount', 'created_at', 'hour_of_day', 'day_of_week', 'is_weekend', 'sender_avg_amount', 'sender_transaction_count', 'sender_transaction_frequency', 'amount_deviation', 'fraud_score', 'is_fraud', 'model_version', 'processed_at'], 'limit': 21}
DEBUG 2025-05-10 22:52:57,678 query 9956 20184 Result: (1, 'test-transaction-123', 'user-123', 500.0, datetime.datetime(2025, 5, 9, 1, 30), 20, 3, False, 0.0, 0, 0.0, 0.0, 0.0, False, 'v1.0', datetime.datetime(2025, 5, 9, 6, 35, 47, 287000))
DEBUG 2025-05-10 22:52:57,678 query 9956 20184 Result: (3, 'test-transaction-124', 'user-123', 500.0, datetime.datetime(2025, 5, 9, 1, 30), 20, 3, False, 0.0, 0, 0.0, 0.0, 0.0, False, 'v1.0', datetime.datetime(2025, 5, 9, 6, 43, 37, 89000))
DEBUG 2025-05-10 22:52:57,678 query 9956 20184 Result: (4, 'test-transaction-125', 'user-123', 500.0, datetime.datetime(2025, 5, 9, 1, 30), 20, 3, False, 0.0, 0, 0.0, 0.0, 0.0, False, 'v1.0', datetime.datetime(2025, 5, 9, 6, 46, 56, 914000))
DEBUG 2025-05-10 22:52:57,678 query 9956 20184 Result: (5, 'test-transaction-id', 'test-user-id', 100.0, datetime.datetime(2023, 1, 1, 12, 0), 7, 6, True, 0.0, 0, 0.0, 0.0, 0.78, True, 'v1.202505102210', datetime.datetime(2025, 5, 11, 3, 23, 54, 187000))
DEBUG 2025-05-10 22:52:57,681 query 9956 20184 sql_command: SELECT "fraud_app_transactionfeature"."id", "fraud_app_transactionfeature"."transaction_id", "fraud_app_transactionfeature"."sender_id", "fraud_app_transactionfeature"."amount", "fraud_app_transactionfeature"."created_at", "fraud_app_transactionfeature"."hour_of_day", "fraud_app_transactionfeature"."day_of_week", "fraud_app_transactionfeature"."is_weekend", "fraud_app_transactionfeature"."sender_avg_amount", "fraud_app_transactionfeature"."sender_transaction_count", "fraud_app_transactionfeature"."sender_transaction_frequency", "fraud_app_transactionfeature"."amount_deviation", "fraud_app_transactionfeature"."fraud_score", "fraud_app_transactionfeature"."is_fraud", "fraud_app_transactionfeature"."model_version", "fraud_app_transactionfeature"."processed_at" FROM "fraud_app_transactionfeature" LIMIT 21
params: ()
DEBUG 2025-05-10 22:52:57,685 query 9956 20184 Find query: {'projection': ['id', 'transaction_id', 'sender_id', 'amount', 'created_at', 'hour_of_day', 'day_of_week', 'is_weekend', 'sender_avg_amount', 'sender_transaction_count', 'sender_transaction_frequency', 'amount_deviation', 'fraud_score', 'is_fraud', 'model_version', 'processed_at'], 'limit': 21}
DEBUG 2025-05-10 22:52:57,687 query 9956 20184 Result: (1, 'test-transaction-123', 'user-123', 500.0, datetime.datetime(2025, 5, 9, 1, 30), 20, 3, False, 0.0, 0, 0.0, 0.0, 0.0, False, 'v1.0', datetime.datetime(2025, 5, 9, 6, 35, 47, 287000))
DEBUG 2025-05-10 22:52:57,688 query 9956 20184 Result: (3, 'test-transaction-124', 'user-123', 500.0, datetime.datetime(2025, 5, 9, 1, 30), 20, 3, False, 0.0, 0, 0.0, 0.0, 0.0, False, 'v1.0', datetime.datetime(2025, 5, 9, 6, 43, 37, 89000))
DEBUG 2025-05-10 22:52:57,688 query 9956 20184 Result: (4, 'test-transaction-125', 'user-123', 500.0, datetime.datetime(2025, 5, 9, 1, 30), 20, 3, False, 0.0, 0, 0.0, 0.0, 0.0, False, 'v1.0', datetime.datetime(2025, 5, 9, 6, 46, 56, 914000))
DEBUG 2025-05-10 22:52:57,688 query 9956 20184 Result: (5, 'test-transaction-id', 'test-user-id', 100.0, datetime.datetime(2023, 1, 1, 12, 0), 7, 6, True, 0.0, 0, 0.0, 0.0, 0.78, True, 'v1.202505102210', datetime.datetime(2025, 5, 11, 3, 23, 54, 187000))
DEBUG 2025-05-10 22:52:57,727 base 9956 20184 MongoClient connection closed
DEBUG 2025-05-10 22:55:09,035 database 20256 19992 New MongoClient connection
DEBUG 2025-05-10 22:55:09,044 base 20256 19992 New Database connection
DEBUG 2025-05-10 22:55:09,063 query 20256 19992 sql_command: SELECT "django_migrations"."id", "django_migrations"."app", "django_migrations"."name", "django_migrations"."applied" FROM "django_migrations"
params: ()
DEBUG 2025-05-10 22:55:09,065 query 20256 19992 Find query: {'projection': ['id', 'app', 'name', 'applied']}
DEBUG 2025-05-10 22:55:09,067 query 20256 19992 Result: (1, 'contenttypes', '0001_initial', datetime.datetime(2025, 5, 9, 6, 28, 8, 231000))
DEBUG 2025-05-10 22:55:09,067 query 20256 19992 Result: (2, 'auth', '0001_initial', datetime.datetime(2025, 5, 9, 6, 28, 8, 483000))
DEBUG 2025-05-10 22:55:09,067 query 20256 19992 Result: (3, 'admin', '0001_initial', datetime.datetime(2025, 5, 9, 6, 28, 8, 528000))
DEBUG 2025-05-10 22:55:09,067 query 20256 19992 Result: (4, 'admin', '0002_logentry_remove_auto_add', datetime.datetime(2025, 5, 9, 6, 28, 8, 538000))
DEBUG 2025-05-10 22:55:09,069 query 20256 19992 Result: (5, 'admin', '0003_logentry_add_action_flag_choices', datetime.datetime(2025, 5, 9, 6, 28, 8, 547000))
DEBUG 2025-05-10 22:55:09,069 query 20256 19992 Result: (6, 'contenttypes', '0002_remove_content_type_name', datetime.datetime(2025, 5, 9, 6, 28, 8, 569000))
DEBUG 2025-05-10 22:55:09,069 query 20256 19992 Result: (7, 'auth', '0002_alter_permission_name_max_length', datetime.datetime(2025, 5, 9, 6, 28, 8, 577000))
DEBUG 2025-05-10 22:55:09,070 query 20256 19992 Result: (8, 'auth', '0003_alter_user_email_max_length', datetime.datetime(2025, 5, 9, 6, 28, 8, 586000))
DEBUG 2025-05-10 22:55:09,070 query 20256 19992 Result: (9, 'auth', '0004_alter_user_username_opts', datetime.datetime(2025, 5, 9, 6, 28, 8, 597000))
DEBUG 2025-05-10 22:55:09,070 query 20256 19992 Result: (10, 'auth', '0005_alter_user_last_login_null', datetime.datetime(2025, 5, 9, 6, 28, 8, 607000))
DEBUG 2025-05-10 22:55:09,071 query 20256 19992 Result: (11, 'auth', '0006_require_contenttypes_0002', datetime.datetime(2025, 5, 9, 6, 28, 8, 611000))
DEBUG 2025-05-10 22:55:09,071 query 20256 19992 Result: (12, 'auth', '0007_alter_validators_add_error_messages', datetime.datetime(2025, 5, 9, 6, 28, 8, 621000))
DEBUG 2025-05-10 22:55:09,071 query 20256 19992 Result: (13, 'auth', '0008_alter_user_username_max_length', datetime.datetime(2025, 5, 9, 6, 28, 8, 630000))
DEBUG 2025-05-10 22:55:09,071 query 20256 19992 Result: (14, 'auth', '0009_alter_user_last_name_max_length', datetime.datetime(2025, 5, 9, 6, 28, 8, 640000))
DEBUG 2025-05-10 22:55:09,072 query 20256 19992 Result: (15, 'auth', '0010_alter_group_name_max_length', datetime.datetime(2025, 5, 9, 6, 28, 8, 649000))
DEBUG 2025-05-10 22:55:09,072 query 20256 19992 Result: (16, 'auth', '0011_update_proxy_permissions', datetime.datetime(2025, 5, 9, 6, 28, 8, 658000))
DEBUG 2025-05-10 22:55:09,072 query 20256 19992 Result: (17, 'auth', '0012_alter_user_first_name_max_length', datetime.datetime(2025, 5, 9, 6, 28, 8, 667000))
DEBUG 2025-05-10 22:55:09,073 query 20256 19992 Result: (18, 'fraud_app', '0001_initial', datetime.datetime(2025, 5, 9, 6, 28, 8, 765000))
DEBUG 2025-05-10 22:55:09,073 query 20256 19992 Result: (19, 'sessions', '0001_initial', datetime.datetime(2025, 5, 9, 6, 28, 8, 797000))
DEBUG 2025-05-10 22:55:56,668 base 20256 8092 New Database connection
DEBUG 2025-05-10 22:55:56,668 query 20256 8092 sql_command: SELECT "fraud_app_useractivityprofile"."id", "fraud_app_useractivityprofile"."user_id", "fraud_app_useractivityprofile"."avg_transaction_amount", "fraud_app_useractivityprofile"."max_transaction_amount", "fraud_app_useractivityprofile"."min_transaction_amount", "fraud_app_useractivityprofile"."std_transaction_amount", "fraud_app_useractivityprofile"."total_transactions", "fraud_app_useractivityprofile"."fraudulent_transactions", "fraud_app_useractivityprofile"."last_active", "fraud_app_useractivityprofile"."common_transaction_hours", "fraud_app_useractivityprofile"."common_transaction_days" FROM "fraud_app_useractivityprofile" WHERE "fraud_app_useractivityprofile"."user_id" = %(0)s LIMIT 21
params: ('test-user-id',)
DEBUG 2025-05-10 22:55:56,672 query 20256 8092 Find query: {'filter': {'user_id': {'$eq': 'test-user-id'}}, 'projection': ['id', 'user_id', 'avg_transaction_amount', 'max_transaction_amount', 'min_transaction_amount', 'std_transaction_amount', 'total_transactions', 'fraudulent_transactions', 'last_active', 'common_transaction_hours', 'common_transaction_days'], 'limit': 21}
DEBUG 2025-05-10 22:55:56,673 query 20256 8092 Result: (2, 'test-user-id', 100.0, 100.0, 100.0, 0.0, 1, 1, datetime.datetime(2025, 5, 11, 3, 23, 54, 305000), '[7]', '[6]')
DEBUG 2025-05-10 22:55:56,674 query 20256 8092 sql_command: INSERT INTO "fraud_app_transactionfeature" ("transaction_id", "sender_id", "amount", "created_at", "hour_of_day", "day_of_week", "is_weekend", "sender_avg_amount", "sender_transaction_count", "sender_transaction_frequency", "amount_deviation", "fraud_score", "is_fraud", "model_version", "processed_at") VALUES (%(0)s, %(1)s, %(2)s, %(3)s, %(4)s, %(5)s, %(6)s, %(7)s, %(8)s, %(9)s, %(10)s, %(11)s, %(12)s, %(13)s, %(14)s)
params: ['test-transaction-id', 'test-user-id', 100.0, datetime.datetime(2023, 1, 1, 12, 0), 7, 6, True, 100.0, 1, 1.0, 0.0, 0.0, False, 'v1.0', datetime.datetime(2025, 5, 11, 3, 55, 56, 674336)]
DEBUG 2025-05-10 22:55:56,706 query 20256 8092 sql_command: SELECT "fraud_app_transactionfeature"."id", "fraud_app_transactionfeature"."transaction_id", "fraud_app_transactionfeature"."sender_id", "fraud_app_transactionfeature"."amount", "fraud_app_transactionfeature"."created_at", "fraud_app_transactionfeature"."hour_of_day", "fraud_app_transactionfeature"."day_of_week", "fraud_app_transactionfeature"."is_weekend", "fraud_app_transactionfeature"."sender_avg_amount", "fraud_app_transactionfeature"."sender_transaction_count", "fraud_app_transactionfeature"."sender_transaction_frequency", "fraud_app_transactionfeature"."amount_deviation", "fraud_app_transactionfeature"."fraud_score", "fraud_app_transactionfeature"."is_fraud", "fraud_app_transactionfeature"."model_version", "fraud_app_transactionfeature"."processed_at" FROM "fraud_app_transactionfeature" LIMIT 21
params: ()
DEBUG 2025-05-10 22:55:56,709 query 20256 8092 Find query: {'projection': ['id', 'transaction_id', 'sender_id', 'amount', 'created_at', 'hour_of_day', 'day_of_week', 'is_weekend', 'sender_avg_amount', 'sender_transaction_count', 'sender_transaction_frequency', 'amount_deviation', 'fraud_score', 'is_fraud', 'model_version', 'processed_at'], 'limit': 21}
DEBUG 2025-05-10 22:55:56,712 query 20256 8092 Result: (1, 'test-transaction-123', 'user-123', 500.0, datetime.datetime(2025, 5, 9, 1, 30), 20, 3, False, 0.0, 0, 0.0, 0.0, 0.0, False, 'v1.0', datetime.datetime(2025, 5, 9, 6, 35, 47, 287000))
DEBUG 2025-05-10 22:55:56,712 query 20256 8092 Result: (3, 'test-transaction-124', 'user-123', 500.0, datetime.datetime(2025, 5, 9, 1, 30), 20, 3, False, 0.0, 0, 0.0, 0.0, 0.0, False, 'v1.0', datetime.datetime(2025, 5, 9, 6, 43, 37, 89000))
DEBUG 2025-05-10 22:55:56,712 query 20256 8092 Result: (4, 'test-transaction-125', 'user-123', 500.0, datetime.datetime(2025, 5, 9, 1, 30), 20, 3, False, 0.0, 0, 0.0, 0.0, 0.0, False, 'v1.0', datetime.datetime(2025, 5, 9, 6, 46, 56, 914000))
DEBUG 2025-05-10 22:55:56,713 query 20256 8092 Result: (5, 'test-transaction-id', 'test-user-id', 100.0, datetime.datetime(2023, 1, 1, 12, 0), 7, 6, True, 0.0, 0, 0.0, 0.0, 0.78, True, 'v1.202505102210', datetime.datetime(2025, 5, 11, 3, 23, 54, 187000))
DEBUG 2025-05-10 22:55:56,714 query 20256 8092 sql_command: SELECT "fraud_app_transactionfeature"."id", "fraud_app_transactionfeature"."transaction_id", "fraud_app_transactionfeature"."sender_id", "fraud_app_transactionfeature"."amount", "fraud_app_transactionfeature"."created_at", "fraud_app_transactionfeature"."hour_of_day", "fraud_app_transactionfeature"."day_of_week", "fraud_app_transactionfeature"."is_weekend", "fraud_app_transactionfeature"."sender_avg_amount", "fraud_app_transactionfeature"."sender_transaction_count", "fraud_app_transactionfeature"."sender_transaction_frequency", "fraud_app_transactionfeature"."amount_deviation", "fraud_app_transactionfeature"."fraud_score", "fraud_app_transactionfeature"."is_fraud", "fraud_app_transactionfeature"."model_version", "fraud_app_transactionfeature"."processed_at" FROM "fraud_app_transactionfeature" LIMIT 21
params: ()
DEBUG 2025-05-10 22:55:56,717 query 20256 8092 Find query: {'projection': ['id', 'transaction_id', 'sender_id', 'amount', 'created_at', 'hour_of_day', 'day_of_week', 'is_weekend', 'sender_avg_amount', 'sender_transaction_count', 'sender_transaction_frequency', 'amount_deviation', 'fraud_score', 'is_fraud', 'model_version', 'processed_at'], 'limit': 21}
DEBUG 2025-05-10 22:55:56,718 query 20256 8092 Result: (1, 'test-transaction-123', 'user-123', 500.0, datetime.datetime(2025, 5, 9, 1, 30), 20, 3, False, 0.0, 0, 0.0, 0.0, 0.0, False, 'v1.0', datetime.datetime(2025, 5, 9, 6, 35, 47, 287000))
DEBUG 2025-05-10 22:55:56,719 query 20256 8092 Result: (3, 'test-transaction-124', 'user-123', 500.0, datetime.datetime(2025, 5, 9, 1, 30), 20, 3, False, 0.0, 0, 0.0, 0.0, 0.0, False, 'v1.0', datetime.datetime(2025, 5, 9, 6, 43, 37, 89000))
DEBUG 2025-05-10 22:55:56,719 query 20256 8092 Result: (4, 'test-transaction-125', 'user-123', 500.0, datetime.datetime(2025, 5, 9, 1, 30), 20, 3, False, 0.0, 0, 0.0, 0.0, 0.0, False, 'v1.0', datetime.datetime(2025, 5, 9, 6, 46, 56, 914000))
DEBUG 2025-05-10 22:55:56,721 query 20256 8092 Result: (5, 'test-transaction-id', 'test-user-id', 100.0, datetime.datetime(2023, 1, 1, 12, 0), 7, 6, True, 0.0, 0, 0.0, 0.0, 0.78, True, 'v1.202505102210', datetime.datetime(2025, 5, 11, 3, 23, 54, 187000))
DEBUG 2025-05-10 22:55:56,769 base 20256 8092 MongoClient connection closed
DEBUG 2025-05-10 22:56:48,045 database 16620 12496 New MongoClient connection
DEBUG 2025-05-10 22:56:48,056 base 16620 12496 New Database connection
DEBUG 2025-05-10 22:56:48,072 query 16620 12496 sql_command: SELECT "django_migrations"."id", "django_migrations"."app", "django_migrations"."name", "django_migrations"."applied" FROM "django_migrations"
params: ()
DEBUG 2025-05-10 22:56:48,073 query 16620 12496 Find query: {'projection': ['id', 'app', 'name', 'applied']}
DEBUG 2025-05-10 22:56:48,075 query 16620 12496 Result: (1, 'contenttypes', '0001_initial', datetime.datetime(2025, 5, 9, 6, 28, 8, 231000))
DEBUG 2025-05-10 22:56:48,075 query 16620 12496 Result: (2, 'auth', '0001_initial', datetime.datetime(2025, 5, 9, 6, 28, 8, 483000))
DEBUG 2025-05-10 22:56:48,076 query 16620 12496 Result: (3, 'admin', '0001_initial', datetime.datetime(2025, 5, 9, 6, 28, 8, 528000))
DEBUG 2025-05-10 22:56:48,076 query 16620 12496 Result: (4, 'admin', '0002_logentry_remove_auto_add', datetime.datetime(2025, 5, 9, 6, 28, 8, 538000))
DEBUG 2025-05-10 22:56:48,076 query 16620 12496 Result: (5, 'admin', '0003_logentry_add_action_flag_choices', datetime.datetime(2025, 5, 9, 6, 28, 8, 547000))
DEBUG 2025-05-10 22:56:48,077 query 16620 12496 Result: (6, 'contenttypes', '0002_remove_content_type_name', datetime.datetime(2025, 5, 9, 6, 28, 8, 569000))
DEBUG 2025-05-10 22:56:48,077 query 16620 12496 Result: (7, 'auth', '0002_alter_permission_name_max_length', datetime.datetime(2025, 5, 9, 6, 28, 8, 577000))
DEBUG 2025-05-10 22:56:48,077 query 16620 12496 Result: (8, 'auth', '0003_alter_user_email_max_length', datetime.datetime(2025, 5, 9, 6, 28, 8, 586000))
DEBUG 2025-05-10 22:56:48,078 query 16620 12496 Result: (9, 'auth', '0004_alter_user_username_opts', datetime.datetime(2025, 5, 9, 6, 28, 8, 597000))
DEBUG 2025-05-10 22:56:48,078 query 16620 12496 Result: (10, 'auth', '0005_alter_user_last_login_null', datetime.datetime(2025, 5, 9, 6, 28, 8, 607000))
DEBUG 2025-05-10 22:56:48,078 query 16620 12496 Result: (11, 'auth', '0006_require_contenttypes_0002', datetime.datetime(2025, 5, 9, 6, 28, 8, 611000))
DEBUG 2025-05-10 22:56:48,078 query 16620 12496 Result: (12, 'auth', '0007_alter_validators_add_error_messages', datetime.datetime(2025, 5, 9, 6, 28, 8, 621000))
DEBUG 2025-05-10 22:56:48,078 query 16620 12496 Result: (13, 'auth', '0008_alter_user_username_max_length', datetime.datetime(2025, 5, 9, 6, 28, 8, 630000))
DEBUG 2025-05-10 22:56:48,080 query 16620 12496 Result: (14, 'auth', '0009_alter_user_last_name_max_length', datetime.datetime(2025, 5, 9, 6, 28, 8, 640000))
DEBUG 2025-05-10 22:56:48,080 query 16620 12496 Result: (15, 'auth', '0010_alter_group_name_max_length', datetime.datetime(2025, 5, 9, 6, 28, 8, 649000))
DEBUG 2025-05-10 22:56:48,081 query 16620 12496 Result: (16, 'auth', '0011_update_proxy_permissions', datetime.datetime(2025, 5, 9, 6, 28, 8, 658000))
DEBUG 2025-05-10 22:56:48,082 query 16620 12496 Result: (17, 'auth', '0012_alter_user_first_name_max_length', datetime.datetime(2025, 5, 9, 6, 28, 8, 667000))
DEBUG 2025-05-10 22:56:48,082 query 16620 12496 Result: (18, 'fraud_app', '0001_initial', datetime.datetime(2025, 5, 9, 6, 28, 8, 765000))
DEBUG 2025-05-10 22:56:48,082 query 16620 12496 Result: (19, 'sessions', '0001_initial', datetime.datetime(2025, 5, 9, 6, 28, 8, 797000))
DEBUG 2025-05-10 22:58:18,542 database 22412 8788 New MongoClient connection
DEBUG 2025-05-10 22:58:18,550 base 22412 8788 New Database connection
DEBUG 2025-05-10 22:58:18,565 query 22412 8788 sql_command: SELECT "django_migrations"."id", "django_migrations"."app", "django_migrations"."name", "django_migrations"."applied" FROM "django_migrations"
params: ()
DEBUG 2025-05-10 22:58:18,568 query 22412 8788 Find query: {'projection': ['id', 'app', 'name', 'applied']}
DEBUG 2025-05-10 22:58:18,569 query 22412 8788 Result: (1, 'contenttypes', '0001_initial', datetime.datetime(2025, 5, 9, 6, 28, 8, 231000))
DEBUG 2025-05-10 22:58:18,570 query 22412 8788 Result: (2, 'auth', '0001_initial', datetime.datetime(2025, 5, 9, 6, 28, 8, 483000))
DEBUG 2025-05-10 22:58:18,570 query 22412 8788 Result: (3, 'admin', '0001_initial', datetime.datetime(2025, 5, 9, 6, 28, 8, 528000))
DEBUG 2025-05-10 22:58:18,570 query 22412 8788 Result: (4, 'admin', '0002_logentry_remove_auto_add', datetime.datetime(2025, 5, 9, 6, 28, 8, 538000))
DEBUG 2025-05-10 22:58:18,571 query 22412 8788 Result: (5, 'admin', '0003_logentry_add_action_flag_choices', datetime.datetime(2025, 5, 9, 6, 28, 8, 547000))
DEBUG 2025-05-10 22:58:18,571 query 22412 8788 Result: (6, 'contenttypes', '0002_remove_content_type_name', datetime.datetime(2025, 5, 9, 6, 28, 8, 569000))
DEBUG 2025-05-10 22:58:18,571 query 22412 8788 Result: (7, 'auth', '0002_alter_permission_name_max_length', datetime.datetime(2025, 5, 9, 6, 28, 8, 577000))
DEBUG 2025-05-10 22:58:18,571 query 22412 8788 Result: (8, 'auth', '0003_alter_user_email_max_length', datetime.datetime(2025, 5, 9, 6, 28, 8, 586000))
DEBUG 2025-05-10 22:58:18,572 query 22412 8788 Result: (9, 'auth', '0004_alter_user_username_opts', datetime.datetime(2025, 5, 9, 6, 28, 8, 597000))
DEBUG 2025-05-10 22:58:18,572 query 22412 8788 Result: (10, 'auth', '0005_alter_user_last_login_null', datetime.datetime(2025, 5, 9, 6, 28, 8, 607000))
DEBUG 2025-05-10 22:58:18,572 query 22412 8788 Result: (11, 'auth', '0006_require_contenttypes_0002', datetime.datetime(2025, 5, 9, 6, 28, 8, 611000))
DEBUG 2025-05-10 22:58:18,572 query 22412 8788 Result: (12, 'auth', '0007_alter_validators_add_error_messages', datetime.datetime(2025, 5, 9, 6, 28, 8, 621000))
DEBUG 2025-05-10 22:58:18,573 query 22412 8788 Result: (13, 'auth', '0008_alter_user_username_max_length', datetime.datetime(2025, 5, 9, 6, 28, 8, 630000))
DEBUG 2025-05-10 22:58:18,573 query 22412 8788 Result: (14, 'auth', '0009_alter_user_last_name_max_length', datetime.datetime(2025, 5, 9, 6, 28, 8, 640000))
DEBUG 2025-05-10 22:58:18,573 query 22412 8788 Result: (15, 'auth', '0010_alter_group_name_max_length', datetime.datetime(2025, 5, 9, 6, 28, 8, 649000))
DEBUG 2025-05-10 22:58:18,573 query 22412 8788 Result: (16, 'auth', '0011_update_proxy_permissions', datetime.datetime(2025, 5, 9, 6, 28, 8, 658000))
DEBUG 2025-05-10 22:58:18,574 query 22412 8788 Result: (17, 'auth', '0012_alter_user_first_name_max_length', datetime.datetime(2025, 5, 9, 6, 28, 8, 667000))
DEBUG 2025-05-10 22:58:18,574 query 22412 8788 Result: (18, 'fraud_app', '0001_initial', datetime.datetime(2025, 5, 9, 6, 28, 8, 765000))
DEBUG 2025-05-10 22:58:18,574 query 22412 8788 Result: (19, 'sessions', '0001_initial', datetime.datetime(2025, 5, 9, 6, 28, 8, 797000))
DEBUG 2025-05-10 22:59:00,572 base 22412 22176 New Database connection
DEBUG 2025-05-10 22:59:00,572 query 22412 22176 sql_command: SELECT "fraud_app_useractivityprofile"."id", "fraud_app_useractivityprofile"."user_id", "fraud_app_useractivityprofile"."avg_transaction_amount", "fraud_app_useractivityprofile"."max_transaction_amount", "fraud_app_useractivityprofile"."min_transaction_amount", "fraud_app_useractivityprofile"."std_transaction_amount", "fraud_app_useractivityprofile"."total_transactions", "fraud_app_useractivityprofile"."fraudulent_transactions", "fraud_app_useractivityprofile"."last_active", "fraud_app_useractivityprofile"."common_transaction_hours", "fraud_app_useractivityprofile"."common_transaction_days" FROM "fraud_app_useractivityprofile" WHERE "fraud_app_useractivityprofile"."user_id" = %(0)s LIMIT 21
params: ('test-user-id',)
DEBUG 2025-05-10 22:59:00,576 query 22412 22176 Find query: {'filter': {'user_id': {'$eq': 'test-user-id'}}, 'projection': ['id', 'user_id', 'avg_transaction_amount', 'max_transaction_amount', 'min_transaction_amount', 'std_transaction_amount', 'total_transactions', 'fraudulent_transactions', 'last_active', 'common_transaction_hours', 'common_transaction_days'], 'limit': 21}
DEBUG 2025-05-10 22:59:00,578 query 22412 22176 Result: (2, 'test-user-id', 100.0, 100.0, 100.0, 0.0, 1, 1, datetime.datetime(2025, 5, 11, 3, 23, 54, 305000), '[7]', '[6]')
DEBUG 2025-05-10 22:59:00,580 query 22412 22176 sql_command: INSERT INTO "fraud_app_transactionfeature" ("transaction_id", "sender_id", "amount", "created_at", "hour_of_day", "day_of_week", "is_weekend", "sender_avg_amount", "sender_transaction_count", "sender_transaction_frequency", "amount_deviation", "fraud_score", "is_fraud", "model_version", "processed_at") VALUES (%(0)s, %(1)s, %(2)s, %(3)s, %(4)s, %(5)s, %(6)s, %(7)s, %(8)s, %(9)s, %(10)s, %(11)s, %(12)s, %(13)s, %(14)s)
params: ['test-transaction-id', 'test-user-id', 100.0, datetime.datetime(2023, 1, 1, 12, 0), 7, 6, True, 100.0, 1, 1.0, 0.0, 0.0, False, 'v1.0', datetime.datetime(2025, 5, 11, 3, 59, 0, 579561)]
DEBUG 2025-05-10 22:59:00,614 query 22412 22176 sql_command: SELECT "fraud_app_transactionfeature"."id", "fraud_app_transactionfeature"."transaction_id", "fraud_app_transactionfeature"."sender_id", "fraud_app_transactionfeature"."amount", "fraud_app_transactionfeature"."created_at", "fraud_app_transactionfeature"."hour_of_day", "fraud_app_transactionfeature"."day_of_week", "fraud_app_transactionfeature"."is_weekend", "fraud_app_transactionfeature"."sender_avg_amount", "fraud_app_transactionfeature"."sender_transaction_count", "fraud_app_transactionfeature"."sender_transaction_frequency", "fraud_app_transactionfeature"."amount_deviation", "fraud_app_transactionfeature"."fraud_score", "fraud_app_transactionfeature"."is_fraud", "fraud_app_transactionfeature"."model_version", "fraud_app_transactionfeature"."processed_at" FROM "fraud_app_transactionfeature" LIMIT 21
params: ()
DEBUG 2025-05-10 22:59:00,619 query 22412 22176 Find query: {'projection': ['id', 'transaction_id', 'sender_id', 'amount', 'created_at', 'hour_of_day', 'day_of_week', 'is_weekend', 'sender_avg_amount', 'sender_transaction_count', 'sender_transaction_frequency', 'amount_deviation', 'fraud_score', 'is_fraud', 'model_version', 'processed_at'], 'limit': 21}
DEBUG 2025-05-10 22:59:00,620 query 22412 22176 Result: (1, 'test-transaction-123', 'user-123', 500.0, datetime.datetime(2025, 5, 9, 1, 30), 20, 3, False, 0.0, 0, 0.0, 0.0, 0.0, False, 'v1.0', datetime.datetime(2025, 5, 9, 6, 35, 47, 287000))
DEBUG 2025-05-10 22:59:00,621 query 22412 22176 Result: (3, 'test-transaction-124', 'user-123', 500.0, datetime.datetime(2025, 5, 9, 1, 30), 20, 3, False, 0.0, 0, 0.0, 0.0, 0.0, False, 'v1.0', datetime.datetime(2025, 5, 9, 6, 43, 37, 89000))
DEBUG 2025-05-10 22:59:00,622 query 22412 22176 Result: (4, 'test-transaction-125', 'user-123', 500.0, datetime.datetime(2025, 5, 9, 1, 30), 20, 3, False, 0.0, 0, 0.0, 0.0, 0.0, False, 'v1.0', datetime.datetime(2025, 5, 9, 6, 46, 56, 914000))
DEBUG 2025-05-10 22:59:00,624 query 22412 22176 Result: (5, 'test-transaction-id', 'test-user-id', 100.0, datetime.datetime(2023, 1, 1, 12, 0), 7, 6, True, 0.0, 0, 0.0, 0.0, 0.78, True, 'v1.202505102210', datetime.datetime(2025, 5, 11, 3, 23, 54, 187000))
DEBUG 2025-05-10 22:59:00,625 query 22412 22176 sql_command: SELECT "fraud_app_transactionfeature"."id", "fraud_app_transactionfeature"."transaction_id", "fraud_app_transactionfeature"."sender_id", "fraud_app_transactionfeature"."amount", "fraud_app_transactionfeature"."created_at", "fraud_app_transactionfeature"."hour_of_day", "fraud_app_transactionfeature"."day_of_week", "fraud_app_transactionfeature"."is_weekend", "fraud_app_transactionfeature"."sender_avg_amount", "fraud_app_transactionfeature"."sender_transaction_count", "fraud_app_transactionfeature"."sender_transaction_frequency", "fraud_app_transactionfeature"."amount_deviation", "fraud_app_transactionfeature"."fraud_score", "fraud_app_transactionfeature"."is_fraud", "fraud_app_transactionfeature"."model_version", "fraud_app_transactionfeature"."processed_at" FROM "fraud_app_transactionfeature" LIMIT 21
params: ()
DEBUG 2025-05-10 22:59:00,629 query 22412 22176 Find query: {'projection': ['id', 'transaction_id', 'sender_id', 'amount', 'created_at', 'hour_of_day', 'day_of_week', 'is_weekend', 'sender_avg_amount', 'sender_transaction_count', 'sender_transaction_frequency', 'amount_deviation', 'fraud_score', 'is_fraud', 'model_version', 'processed_at'], 'limit': 21}
DEBUG 2025-05-10 22:59:00,630 query 22412 22176 Result: (1, 'test-transaction-123', 'user-123', 500.0, datetime.datetime(2025, 5, 9, 1, 30), 20, 3, False, 0.0, 0, 0.0, 0.0, 0.0, False, 'v1.0', datetime.datetime(2025, 5, 9, 6, 35, 47, 287000))
DEBUG 2025-05-10 22:59:00,631 query 22412 22176 Result: (3, 'test-transaction-124', 'user-123', 500.0, datetime.datetime(2025, 5, 9, 1, 30), 20, 3, False, 0.0, 0, 0.0, 0.0, 0.0, False, 'v1.0', datetime.datetime(2025, 5, 9, 6, 43, 37, 89000))
DEBUG 2025-05-10 22:59:00,631 query 22412 22176 Result: (4, 'test-transaction-125', 'user-123', 500.0, datetime.datetime(2025, 5, 9, 1, 30), 20, 3, False, 0.0, 0, 0.0, 0.0, 0.0, False, 'v1.0', datetime.datetime(2025, 5, 9, 6, 46, 56, 914000))
DEBUG 2025-05-10 22:59:00,632 query 22412 22176 Result: (5, 'test-transaction-id', 'test-user-id', 100.0, datetime.datetime(2023, 1, 1, 12, 0), 7, 6, True, 0.0, 0, 0.0, 0.0, 0.78, True, 'v1.202505102210', datetime.datetime(2025, 5, 11, 3, 23, 54, 187000))
DEBUG 2025-05-10 22:59:00,686 base 22412 22176 MongoClient connection closed
